  [1m[36m (1.2ms)[0m  [1mCREATE TABLE "schema_migrations" ("version" varchar NOT NULL) [0m
  [1m[35m (0.0ms)[0m  select sqlite_version(*)
  [1m[36m (1.0ms)[0m  [1mCREATE UNIQUE INDEX "unique_schema_migrations" ON "schema_migrations" ("version")[0m
  [1m[35mActiveRecord::SchemaMigration Load (0.1ms)[0m  SELECT "schema_migrations".* FROM "schema_migrations"
  [1m[36mActiveRecord::SchemaMigration Load (0.1ms)[0m  [1mSELECT "schema_migrations".* FROM "schema_migrations"[0m
Migrating to CreatePosts (20151230232412)
  [1m[35m (0.1ms)[0m  begin transaction
  [1m[36m (0.4ms)[0m  [1mCREATE TABLE "posts" ("id" INTEGER PRIMARY KEY AUTOINCREMENT NOT NULL, "title" varchar, "description" text, "created_at" datetime NOT NULL, "updated_at" datetime NOT NULL) [0m
  [1m[35mSQL (0.2ms)[0m  INSERT INTO "schema_migrations" ("version") VALUES (?)  [["version", "20151230232412"]]
  [1m[36m (1.3ms)[0m  [1mcommit transaction[0m
  [1m[35mActiveRecord::SchemaMigration Load (0.1ms)[0m  SELECT "schema_migrations".* FROM "schema_migrations"


Started GET "/posts/new" for ::1 at 2015-12-30 20:30:31 -0600
  [1m[36mActiveRecord::SchemaMigration Load (0.1ms)[0m  [1mSELECT "schema_migrations".* FROM "schema_migrations"[0m
Processing by PostsController#new as HTML
  Rendered posts/new.html.erb within layouts/application (2.7ms)
Completed 200 OK in 393ms (Views: 383.8ms | ActiveRecord: 0.0ms)


Started POST "/posts" for ::1 at 2015-12-30 20:30:37 -0600
Processing by PostsController#create as HTML
  Parameters: {"utf8"=>"✓", "authenticity_token"=>"Hjp1RiR9ya6iFqkxVbwpk4S8rTowSYfUHBxQZzKCrcwuqlFxP2gFlrxGWRZYDnx9U/sdURHTMwpX6/wSjx76KQ==", "title"=>"Rails Introduction Quiz", "description"=>"asdfasd", "commit"=>"Submit Post"}
Redirected to http://localhost:3000/posts/new
Completed 302 Found in 1ms (ActiveRecord: 0.0ms)


Started GET "/posts/new" for ::1 at 2015-12-30 20:30:37 -0600
Processing by PostsController#new as HTML
  Rendered posts/new.html.erb within layouts/application (0.4ms)
Completed 200 OK in 10ms (Views: 9.0ms | ActiveRecord: 0.0ms)


Started GET "/posts/new?someting=asdafdas" for ::1 at 2015-12-30 20:33:34 -0600
Processing by PostsController#new as HTML
  Parameters: {"someting"=>"asdafdas"}
  Rendered posts/new.html.erb within layouts/application (0.3ms)
Completed 200 OK in 9ms (Views: 8.1ms | ActiveRecord: 0.0ms)


Started GET "/posts/new?someting=asdafdas" for ::1 at 2015-12-30 20:40:29 -0600
Processing by PostsController#new as HTML
  Parameters: {"someting"=>"asdafdas"}
  Rendered posts/new.html.erb within layouts/application (0.4ms)
Completed 200 OK in 10ms (Views: 9.6ms | ActiveRecord: 0.0ms)


Started GET "/assets/application.self-e80e8f2318043e8af94dddc2adad5a4f09739a8ebb323b3ab31cd71d45fd9113.css?body=1" for ::1 at 2015-12-30 20:40:29 -0600


Started GET "/assets/jquery_ujs.self-d456baa54c1fa6be2ec3711f0a72ddf7a5b2f34a6b4f515f33767d6207b7d4b3.js?body=1" for ::1 at 2015-12-30 20:40:29 -0600


Started GET "/assets/jquery.self-a714331225dda820228db323939889f149aec0127aeb06255646b616ba1ca419.js?body=1" for ::1 at 2015-12-30 20:40:29 -0600


Started GET "/assets/application.self-3b8dabdc891efe46b9a144b400ad69e37d7e5876bdc39dee783419a69d7ca819.js?body=1" for ::1 at 2015-12-30 20:40:29 -0600


Started GET "/assets/turbolinks.self-c37727e9bd6b2735da5c311aa83fead54ed0be6cc8bd9a65309e9c5abe2cbfff.js?body=1" for ::1 at 2015-12-30 20:40:29 -0600


Started GET "/posts/new" for ::1 at 2015-12-30 20:40:37 -0600
Processing by PostsController#new as HTML
  Rendered posts/new.html.erb within layouts/application (0.4ms)
Completed 200 OK in 10ms (Views: 9.3ms | ActiveRecord: 0.0ms)


Started POST "/posts" for ::1 at 2015-12-30 20:40:55 -0600
Processing by PostsController#create as HTML
  Parameters: {"utf8"=>"✓", "authenticity_token"=>"8wEmAU4QXBwNFcOKOvFNuQeQp8Yq4xHFehAkMFbvryDDkQI2VQWQJBNFM603QxhX0NcXrQt5pRsx54hF63P4xQ==", "title"=>"Rails Introduction Quiz", "description"=>"asdfasdfasd", "commit"=>"Submit Post"}
Redirected to http://localhost:3000/posts/new
Completed 302 Found in 1ms (ActiveRecord: 0.0ms)


Started GET "/posts/new" for ::1 at 2015-12-30 20:40:55 -0600
Processing by PostsController#new as HTML
  Rendered posts/new.html.erb within layouts/application (0.3ms)
Completed 200 OK in 8ms (Views: 6.9ms | ActiveRecord: 0.0ms)


Started GET "/posts/new" for ::1 at 2015-12-30 20:41:09 -0600
Processing by PostsController#new as HTML
  Rendered posts/new.html.erb within layouts/application (0.4ms)
Completed 200 OK in 10ms (Views: 8.9ms | ActiveRecord: 0.0ms)


Started GET "/assets/application.self-e80e8f2318043e8af94dddc2adad5a4f09739a8ebb323b3ab31cd71d45fd9113.css?body=1" for ::1 at 2015-12-30 20:41:09 -0600


Started GET "/assets/turbolinks.self-c37727e9bd6b2735da5c311aa83fead54ed0be6cc8bd9a65309e9c5abe2cbfff.js?body=1" for ::1 at 2015-12-30 20:41:09 -0600


Started GET "/assets/jquery_ujs.self-d456baa54c1fa6be2ec3711f0a72ddf7a5b2f34a6b4f515f33767d6207b7d4b3.js?body=1" for ::1 at 2015-12-30 20:41:09 -0600


Started GET "/assets/jquery.self-a714331225dda820228db323939889f149aec0127aeb06255646b616ba1ca419.js?body=1" for ::1 at 2015-12-30 20:41:09 -0600


Started GET "/assets/application.self-3b8dabdc891efe46b9a144b400ad69e37d7e5876bdc39dee783419a69d7ca819.js?body=1" for ::1 at 2015-12-30 20:41:09 -0600


Started POST "/posts" for ::1 at 2015-12-30 20:41:12 -0600
Processing by PostsController#create as HTML
  Parameters: {"utf8"=>"✓", "authenticity_token"=>"wM0kUAuTuVVs64yO9C+2FgVExLWEkXYBL4fHjMvdHb/wXQBnEIZ1bXK7fKn5neP40gN03qULwt9kcGv5dkFKWg==", "title"=>"Rails Introduction Quiz", "description"=>"asdf", "commit"=>"Submit Post"}
Redirected to http://localhost:3000/posts/new?post%5Baction%5D=create&post%5Bauthenticity_token%5D=wM0kUAuTuVVs64yO9C%2B2FgVExLWEkXYBL4fHjMvdHb%2FwXQBnEIZ1bXK7fKn5neP40gN03qULwt9kcGv5dkFKWg%3D%3D&post%5Bcommit%5D=Submit+Post&post%5Bcontroller%5D=posts&post%5Bdescription%5D=asdf&post%5Btitle%5D=Rails+Introduction+Quiz&post%5Butf8%5D=%E2%9C%93
Completed 302 Found in 1ms (ActiveRecord: 0.0ms)


Started GET "/posts/new?post%5Baction%5D=create&post%5Bauthenticity_token%5D=wM0kUAuTuVVs64yO9C%2B2FgVExLWEkXYBL4fHjMvdHb%2FwXQBnEIZ1bXK7fKn5neP40gN03qULwt9kcGv5dkFKWg%3D%3D&post%5Bcommit%5D=Submit+Post&post%5Bcontroller%5D=posts&post%5Bdescription%5D=asdf&post%5Btitle%5D=Rails+Introduction+Quiz&post%5Butf8%5D=%E2%9C%93" for ::1 at 2015-12-30 20:41:12 -0600
Processing by PostsController#new as HTML
  Parameters: {"post"=>{"action"=>"create", "authenticity_token"=>"wM0kUAuTuVVs64yO9C+2FgVExLWEkXYBL4fHjMvdHb/wXQBnEIZ1bXK7fKn5neP40gN03qULwt9kcGv5dkFKWg==", "commit"=>"Submit Post", "controller"=>"posts", "description"=>"asdf", "title"=>"Rails Introduction Quiz", "utf8"=>"✓"}}
  Rendered posts/new.html.erb within layouts/application (0.3ms)
Completed 200 OK in 8ms (Views: 7.2ms | ActiveRecord: 0.0ms)


Started GET "/posts" for ::1 at 2019-02-25 09:10:08 -0800
  [1m[36mActiveRecord::SchemaMigration Load (0.3ms)[0m  [1mSELECT "schema_migrations".* FROM "schema_migrations"[0m
Processing by PostsController#index as HTML
  [1m[35mPost Load (0.2ms)[0m  SELECT "posts".* FROM "posts"
  Rendered posts/index.html.erb within layouts/application (6.1ms)
Completed 200 OK in 1493ms (Views: 1458.8ms | ActiveRecord: 0.5ms)


Started GET "/assets/jquery.self-bd7ddd393353a8d2480a622e80342adf488fb6006d667e8b42e4c0073393abee.js?body=1" for ::1 at 2019-02-25 09:10:10 -0800


Started GET "/assets/application.self-e80e8f2318043e8af94dddc2adad5a4f09739a8ebb323b3ab31cd71d45fd9113.css?body=1" for ::1 at 2019-02-25 09:10:11 -0800


Started GET "/assets/application.self-3b8dabdc891efe46b9a144b400ad69e37d7e5876bdc39dee783419a69d7ca819.js?body=1" for ::1 at 2019-02-25 09:10:11 -0800


Started GET "/assets/turbolinks.self-569ee74eaa15c1e2019317ff770b8769b1ec033a0f572a485f64c82ddc8f989e.js?body=1" for ::1 at 2019-02-25 09:10:11 -0800


Started GET "/assets/jquery_ujs.self-784a997f6726036b1993eb2217c9cb558e1cbb801c6da88105588c56f13b466a.js?body=1" for ::1 at 2019-02-25 09:10:11 -0800


Started GET "/posts/new" for ::1 at 2019-02-25 09:10:14 -0800
Processing by PostsController#new as HTML
  Rendered posts/new.html.erb within layouts/application (0.8ms)
Completed 200 OK in 141ms (Views: 139.6ms | ActiveRecord: 0.0ms)


Started GET "/posts/new" for ::1 at 2019-02-25 09:21:30 -0800
Processing by PostsController#new as HTML
  Rendered posts/new.html.erb within layouts/application (0.8ms)
Completed 200 OK in 37ms (Views: 36.0ms | ActiveRecord: 0.0ms)


Started GET "/posts/new?post%5Bdescription%5D=alskjf" for ::1 at 2019-02-25 09:21:35 -0800
Processing by PostsController#new as HTML
  Parameters: {"post"=>{"description"=>"alskjf"}}
  Rendered posts/new.html.erb within layouts/application (0.2ms)
Completed 200 OK in 44ms (Views: 42.9ms | ActiveRecord: 0.0ms)


Started GET "/posts/new?post%5Bdescription%5D=alskjf" for ::1 at 2019-02-25 09:24:14 -0800
Processing by PostsController#new as HTML
  Parameters: {"post"=>{"description"=>"alskjf"}}
  Rendered posts/new.html.erb within layouts/application (1.3ms)
Completed 200 OK in 151ms (Views: 149.7ms | ActiveRecord: 0.0ms)


Started GET "/posts/new" for ::1 at 2019-02-25 09:24:19 -0800
Processing by PostsController#new as HTML
  Rendered posts/new.html.erb within layouts/application (0.5ms)
Completed 200 OK in 59ms (Views: 57.9ms | ActiveRecord: 0.0ms)


Started GET "/posts?post%5Bdescription%5D=i+made+a+new+post" for ::1 at 2019-02-25 09:24:28 -0800
Processing by PostsController#index as HTML
  Parameters: {"post"=>{"description"=>"i made a new post"}}
  [1m[36mPost Load (0.4ms)[0m  [1mSELECT "posts".* FROM "posts"[0m
  Rendered posts/index.html.erb within layouts/application (1.6ms)
Completed 200 OK in 57ms (Views: 52.9ms | ActiveRecord: 0.4ms)


Started GET "/posts" for ::1 at 2019-02-25 09:25:03 -0800
Processing by PostsController#index as HTML
  [1m[35mPost Load (0.3ms)[0m  SELECT "posts".* FROM "posts"
  Rendered posts/index.html.erb within layouts/application (1.0ms)
Completed 200 OK in 75ms (Views: 72.1ms | ActiveRecord: 0.3ms)


Started GET "/posts/new" for ::1 at 2019-02-25 09:25:07 -0800
Processing by PostsController#new as HTML
  Rendered posts/new.html.erb within layouts/application (2.5ms)
Completed 200 OK in 132ms (Views: 129.2ms | ActiveRecord: 0.0ms)


Started POST "/posts" for ::1 at 2019-02-25 09:25:09 -0800

ActionController::RoutingError (No route matches [POST] "/posts"):
  actionpack (4.2.10) lib/action_dispatch/middleware/debug_exceptions.rb:21:in `call'
  actionpack (4.2.10) lib/action_dispatch/middleware/show_exceptions.rb:30:in `call'
  railties (4.2.10) lib/rails/rack/logger.rb:38:in `call_app'
  railties (4.2.10) lib/rails/rack/logger.rb:20:in `block in call'
  activesupport (4.2.10) lib/active_support/tagged_logging.rb:68:in `block in tagged'
  activesupport (4.2.10) lib/active_support/tagged_logging.rb:26:in `tagged'
  activesupport (4.2.10) lib/active_support/tagged_logging.rb:68:in `tagged'
  railties (4.2.10) lib/rails/rack/logger.rb:20:in `call'
  actionpack (4.2.10) lib/action_dispatch/middleware/request_id.rb:21:in `call'
  rack (1.6.10) lib/rack/methodoverride.rb:22:in `call'
  rack (1.6.10) lib/rack/runtime.rb:18:in `call'
  activesupport (4.2.10) lib/active_support/cache/strategy/local_cache_middleware.rb:28:in `call'
  rack (1.6.10) lib/rack/lock.rb:17:in `call'
  actionpack (4.2.10) lib/action_dispatch/middleware/static.rb:120:in `call'
  rack (1.6.10) lib/rack/sendfile.rb:113:in `call'
  railties (4.2.10) lib/rails/engine.rb:518:in `call'
  railties (4.2.10) lib/rails/application.rb:165:in `call'
  rack (1.6.10) lib/rack/lock.rb:17:in `call'
  rack (1.6.10) lib/rack/content_length.rb:15:in `call'
  rack (1.6.10) lib/rack/handler/webrick.rb:88:in `service'
  /Users/sjn/.rvm/rubies/ruby-2.5.0/lib/ruby/2.5.0/webrick/httpserver.rb:140:in `service'
  /Users/sjn/.rvm/rubies/ruby-2.5.0/lib/ruby/2.5.0/webrick/httpserver.rb:96:in `run'
  /Users/sjn/.rvm/rubies/ruby-2.5.0/lib/ruby/2.5.0/webrick/server.rb:307:in `block in start_thread'


  Rendered /Users/sjn/.rvm/gems/ruby-2.5.0/gems/actionpack-4.2.10/lib/action_dispatch/middleware/templates/rescues/_trace.html.erb (2.7ms)
  Rendered /Users/sjn/.rvm/gems/ruby-2.5.0/gems/actionpack-4.2.10/lib/action_dispatch/middleware/templates/routes/_route.html.erb (2.7ms)
  Rendered /Users/sjn/.rvm/gems/ruby-2.5.0/gems/actionpack-4.2.10/lib/action_dispatch/middleware/templates/routes/_table.html.erb (22.1ms)
  Rendered /Users/sjn/.rvm/gems/ruby-2.5.0/gems/actionpack-4.2.10/lib/action_dispatch/middleware/templates/rescues/_request_and_response.html.erb (5.0ms)
  Rendered /Users/sjn/.rvm/gems/ruby-2.5.0/gems/actionpack-4.2.10/lib/action_dispatch/middleware/templates/rescues/routing_error.html.erb within rescues/layout (275.5ms)


Started POST "/posts" for ::1 at 2019-02-25 09:28:58 -0800
  [1m[36mActiveRecord::SchemaMigration Load (0.2ms)[0m  [1mSELECT "schema_migrations".* FROM "schema_migrations"[0m
Processing by PostsController#create as HTML
  Parameters: {"post"=>{"description"=>"goku"}}
Can't verify CSRF token authenticity
Completed 422 Unprocessable Entity in 1ms (ActiveRecord: 0.0ms)

ActionController::InvalidAuthenticityToken (ActionController::InvalidAuthenticityToken):
  actionpack (4.2.10) lib/action_controller/metal/request_forgery_protection.rb:181:in `handle_unverified_request'
  actionpack (4.2.10) lib/action_controller/metal/request_forgery_protection.rb:209:in `handle_unverified_request'
  actionpack (4.2.10) lib/action_controller/metal/request_forgery_protection.rb:204:in `verify_authenticity_token'
  activesupport (4.2.10) lib/active_support/callbacks.rb:432:in `block in make_lambda'
  activesupport (4.2.10) lib/active_support/callbacks.rb:164:in `block in halting'
  activesupport (4.2.10) lib/active_support/callbacks.rb:504:in `block in call'
  activesupport (4.2.10) lib/active_support/callbacks.rb:504:in `each'
  activesupport (4.2.10) lib/active_support/callbacks.rb:504:in `call'
  activesupport (4.2.10) lib/active_support/callbacks.rb:92:in `__run_callbacks__'
  activesupport (4.2.10) lib/active_support/callbacks.rb:778:in `_run_process_action_callbacks'
  activesupport (4.2.10) lib/active_support/callbacks.rb:81:in `run_callbacks'
  actionpack (4.2.10) lib/abstract_controller/callbacks.rb:19:in `process_action'
  actionpack (4.2.10) lib/action_controller/metal/rescue.rb:29:in `process_action'
  actionpack (4.2.10) lib/action_controller/metal/instrumentation.rb:32:in `block in process_action'
  activesupport (4.2.10) lib/active_support/notifications.rb:164:in `block in instrument'
  activesupport (4.2.10) lib/active_support/notifications/instrumenter.rb:20:in `instrument'
  activesupport (4.2.10) lib/active_support/notifications.rb:164:in `instrument'
  actionpack (4.2.10) lib/action_controller/metal/instrumentation.rb:30:in `process_action'
  actionpack (4.2.10) lib/action_controller/metal/params_wrapper.rb:250:in `process_action'
  activerecord (4.2.10) lib/active_record/railties/controller_runtime.rb:18:in `process_action'
  actionpack (4.2.10) lib/abstract_controller/base.rb:137:in `process'
  actionview (4.2.10) lib/action_view/rendering.rb:30:in `process'
  actionpack (4.2.10) lib/action_controller/metal.rb:196:in `dispatch'
  actionpack (4.2.10) lib/action_controller/metal/rack_delegation.rb:13:in `dispatch'
  actionpack (4.2.10) lib/action_controller/metal.rb:237:in `block in action'
  actionpack (4.2.10) lib/action_dispatch/routing/route_set.rb:74:in `dispatch'
  actionpack (4.2.10) lib/action_dispatch/routing/route_set.rb:43:in `serve'
  actionpack (4.2.10) lib/action_dispatch/journey/router.rb:43:in `block in serve'
  actionpack (4.2.10) lib/action_dispatch/journey/router.rb:30:in `each'
  actionpack (4.2.10) lib/action_dispatch/journey/router.rb:30:in `serve'
  actionpack (4.2.10) lib/action_dispatch/routing/route_set.rb:817:in `call'
  rack (1.6.10) lib/rack/etag.rb:24:in `call'
  rack (1.6.10) lib/rack/conditionalget.rb:38:in `call'
  rack (1.6.10) lib/rack/head.rb:13:in `call'
  actionpack (4.2.10) lib/action_dispatch/middleware/params_parser.rb:27:in `call'
  actionpack (4.2.10) lib/action_dispatch/middleware/flash.rb:260:in `call'
  rack (1.6.10) lib/rack/session/abstract/id.rb:225:in `context'
  rack (1.6.10) lib/rack/session/abstract/id.rb:220:in `call'
  actionpack (4.2.10) lib/action_dispatch/middleware/cookies.rb:560:in `call'
  activerecord (4.2.10) lib/active_record/query_cache.rb:36:in `call'
  activerecord (4.2.10) lib/active_record/connection_adapters/abstract/connection_pool.rb:653:in `call'
  activerecord (4.2.10) lib/active_record/migration.rb:377:in `call'
  actionpack (4.2.10) lib/action_dispatch/middleware/callbacks.rb:29:in `block in call'
  activesupport (4.2.10) lib/active_support/callbacks.rb:88:in `__run_callbacks__'
  activesupport (4.2.10) lib/active_support/callbacks.rb:778:in `_run_call_callbacks'
  activesupport (4.2.10) lib/active_support/callbacks.rb:81:in `run_callbacks'
  actionpack (4.2.10) lib/action_dispatch/middleware/callbacks.rb:27:in `call'
  actionpack (4.2.10) lib/action_dispatch/middleware/reloader.rb:73:in `call'
  actionpack (4.2.10) lib/action_dispatch/middleware/remote_ip.rb:78:in `call'
  actionpack (4.2.10) lib/action_dispatch/middleware/debug_exceptions.rb:17:in `call'
  actionpack (4.2.10) lib/action_dispatch/middleware/show_exceptions.rb:30:in `call'
  railties (4.2.10) lib/rails/rack/logger.rb:38:in `call_app'
  railties (4.2.10) lib/rails/rack/logger.rb:20:in `block in call'
  activesupport (4.2.10) lib/active_support/tagged_logging.rb:68:in `block in tagged'
  activesupport (4.2.10) lib/active_support/tagged_logging.rb:26:in `tagged'
  activesupport (4.2.10) lib/active_support/tagged_logging.rb:68:in `tagged'
  railties (4.2.10) lib/rails/rack/logger.rb:20:in `call'
  actionpack (4.2.10) lib/action_dispatch/middleware/request_id.rb:21:in `call'
  rack (1.6.10) lib/rack/methodoverride.rb:22:in `call'
  rack (1.6.10) lib/rack/runtime.rb:18:in `call'
  activesupport (4.2.10) lib/active_support/cache/strategy/local_cache_middleware.rb:28:in `call'
  rack (1.6.10) lib/rack/lock.rb:17:in `call'
  actionpack (4.2.10) lib/action_dispatch/middleware/static.rb:120:in `call'
  rack (1.6.10) lib/rack/sendfile.rb:113:in `call'
  railties (4.2.10) lib/rails/engine.rb:518:in `call'
  railties (4.2.10) lib/rails/application.rb:165:in `call'
  rack (1.6.10) lib/rack/lock.rb:17:in `call'
  rack (1.6.10) lib/rack/content_length.rb:15:in `call'
  rack (1.6.10) lib/rack/handler/webrick.rb:88:in `service'
  /Users/sjn/.rvm/rubies/ruby-2.5.0/lib/ruby/2.5.0/webrick/httpserver.rb:140:in `service'
  /Users/sjn/.rvm/rubies/ruby-2.5.0/lib/ruby/2.5.0/webrick/httpserver.rb:96:in `run'
  /Users/sjn/.rvm/rubies/ruby-2.5.0/lib/ruby/2.5.0/webrick/server.rb:307:in `block in start_thread'


  Rendered /Users/sjn/.rvm/gems/ruby-2.5.0/gems/actionpack-4.2.10/lib/action_dispatch/middleware/templates/rescues/_source.erb (13.4ms)
  Rendered /Users/sjn/.rvm/gems/ruby-2.5.0/gems/actionpack-4.2.10/lib/action_dispatch/middleware/templates/rescues/_trace.html.erb (7.0ms)
  Rendered /Users/sjn/.rvm/gems/ruby-2.5.0/gems/actionpack-4.2.10/lib/action_dispatch/middleware/templates/rescues/_request_and_response.html.erb (49.6ms)
  Rendered /Users/sjn/.rvm/gems/ruby-2.5.0/gems/actionpack-4.2.10/lib/action_dispatch/middleware/templates/rescues/diagnostics.html.erb within rescues/layout (270.1ms)


Started GET "/posts/new" for ::1 at 2019-02-25 09:32:27 -0800
Processing by PostsController#new as HTML
  Rendered posts/new.html.erb within layouts/application (1.1ms)
Completed 200 OK in 755ms (Views: 754.6ms | ActiveRecord: 0.0ms)


Started POST "/posts" for ::1 at 2019-02-25 09:32:30 -0800
Processing by PostsController#create as HTML
  Parameters: {"post"=>{"description"=>"daf"}, "authenticity_token"=>"LJl6ssfuPQ4FWvgzmSbY3u2yfmweYVym9JiREa0GQpvRMug11CYj5miHnX9RXqI7hxbD2Ok/iDOMsCbhdlDzDQ=="}
Completed 500 Internal Server Error in 55ms (ActiveRecord: 3.1ms)

ActiveRecord::UnknownAttributeError (unknown attribute 'descriptions' for Post.):
  app/controllers/posts_controller.rb:9:in `create'


  Rendered /Users/sjn/.rvm/gems/ruby-2.5.0/gems/actionpack-4.2.10/lib/action_dispatch/middleware/templates/rescues/_source.erb (13.3ms)
  Rendered /Users/sjn/.rvm/gems/ruby-2.5.0/gems/actionpack-4.2.10/lib/action_dispatch/middleware/templates/rescues/_trace.html.erb (5.9ms)
  Rendered /Users/sjn/.rvm/gems/ruby-2.5.0/gems/actionpack-4.2.10/lib/action_dispatch/middleware/templates/rescues/_request_and_response.html.erb (2.9ms)
  Rendered /Users/sjn/.rvm/gems/ruby-2.5.0/gems/actionpack-4.2.10/lib/action_dispatch/middleware/templates/rescues/diagnostics.html.erb within rescues/layout (176.0ms)


Started GET "/posts/new" for ::1 at 2019-02-25 09:33:07 -0800
Processing by PostsController#new as HTML
  Rendered posts/new.html.erb within layouts/application (0.5ms)
Completed 200 OK in 82ms (Views: 81.3ms | ActiveRecord: 0.0ms)


Started POST "/posts" for ::1 at 2019-02-25 09:33:11 -0800
Processing by PostsController#create as HTML
  Parameters: {"post"=>{"description"=>"daf"}, "authenticity_token"=>"OyYxPhdMRJP9znrd/8yUnSnNyrGNWAweluDFATQ4e2PGjaO5BIRae5ATH5E3tO54Q2l3BXoG2IvuyHLx727K9Q=="}
  [1m[35m (0.1ms)[0m  begin transaction
  [1m[36mSQL (1.9ms)[0m  [1mINSERT INTO "posts" ("description", "created_at", "updated_at") VALUES (?, ?, ?)[0m  [["description", "daf"], ["created_at", "2019-02-25 17:33:11.740014"], ["updated_at", "2019-02-25 17:33:11.740014"]]
  [1m[35m (1.1ms)[0m  commit transaction
Redirected to http://localhost:3000/posts
Completed 302 Found in 42ms (ActiveRecord: 4.1ms)


Started GET "/posts" for ::1 at 2019-02-25 09:33:11 -0800
Processing by PostsController#index as HTML
  [1m[36mPost Load (0.4ms)[0m  [1mSELECT "posts".* FROM "posts"[0m
  Rendered posts/index.html.erb within layouts/application (47.3ms)
Completed 200 OK in 271ms (Views: 232.9ms | ActiveRecord: 0.4ms)


Started GET "/posts/new" for ::1 at 2019-02-25 09:33:48 -0800
Processing by PostsController#new as HTML
  Rendered posts/new.html.erb within layouts/application (0.4ms)
Completed 200 OK in 299ms (Views: 297.5ms | ActiveRecord: 0.0ms)


Started POST "/posts" for ::1 at 2019-02-25 09:33:55 -0800
Processing by PostsController#create as HTML
  Parameters: {"post"=>{"description"=>"ahriman"}, "authenticity_token"=>"+Uul8y4u/cjquPT3iQevN7xAhbDKCGkHzbVZUYvzl2sE4Dd0PebjIIdlkbtBf9XS1uQ4BD1WvZK1ne6hUKUm/Q=="}
  [1m[35m (0.1ms)[0m  begin transaction
  [1m[36mSQL (0.6ms)[0m  [1mINSERT INTO "posts" ("description", "created_at", "updated_at") VALUES (?, ?, ?)[0m  [["description", "ahriman"], ["created_at", "2019-02-25 17:33:55.796035"], ["updated_at", "2019-02-25 17:33:55.796035"]]
  [1m[35m (4.6ms)[0m  commit transaction
Redirected to http://localhost:3000/posts
Completed 302 Found in 13ms (ActiveRecord: 5.3ms)


Started GET "/posts" for ::1 at 2019-02-25 09:33:55 -0800
Processing by PostsController#index as HTML
  [1m[36mPost Load (0.3ms)[0m  [1mSELECT "posts".* FROM "posts"[0m
  Rendered posts/index.html.erb within layouts/application (2.6ms)
Completed 200 OK in 192ms (Views: 177.3ms | ActiveRecord: 0.3ms)


Started GET "/posts/new" for ::1 at 2019-02-25 09:34:34 -0800
Processing by PostsController#new as HTML
  Rendered posts/new.html.erb within layouts/application (1.0ms)
Completed 200 OK in 347ms (Views: 344.9ms | ActiveRecord: 0.0ms)


Started POST "/posts" for ::1 at 2019-02-25 09:34:41 -0800
Processing by PostsController#create as HTML
  Parameters: {"post"=>{"title"=>"girugamesh", "description"=>"enkidu"}, "authenticity_token"=>"6Gbo6NENL4uwPPCwOldcUnLMisWrjH8oC+0iQ2RoDRkVzXpvwsUxY93hlfzyLya3GGg3cVzSq71zxZWzvz68jw=="}
  [1m[35m (0.1ms)[0m  begin transaction
  [1m[36mSQL (0.9ms)[0m  [1mINSERT INTO "posts" ("title", "description", "created_at", "updated_at") VALUES (?, ?, ?, ?)[0m  [["title", "girugamesh"], ["description", "enkidu"], ["created_at", "2019-02-25 17:34:41.873647"], ["updated_at", "2019-02-25 17:34:41.873647"]]
  [1m[35m (1.1ms)[0m  commit transaction
Redirected to http://localhost:3000/posts
Completed 302 Found in 9ms (ActiveRecord: 2.1ms)


Started GET "/posts" for ::1 at 2019-02-25 09:34:41 -0800
Processing by PostsController#index as HTML
  [1m[36mPost Load (0.4ms)[0m  [1mSELECT "posts".* FROM "posts"[0m
  Rendered posts/index.html.erb within layouts/application (2.4ms)
Completed 200 OK in 91ms (Views: 89.4ms | ActiveRecord: 0.4ms)


Started GET "/posts/new" for ::1 at 2019-02-25 09:41:13 -0800
  [1m[36mActiveRecord::SchemaMigration Load (0.2ms)[0m  [1mSELECT "schema_migrations".* FROM "schema_migrations"[0m
Processing by PostsController#new as HTML
  Rendered posts/new.html.erb within layouts/application (73.7ms)
Completed 500 Internal Server Error in 145ms (ActiveRecord: 0.0ms)

ActionView::Template::Error (undefined method `hidden_field_tage' for #<#<Class:0x00007f983c7b9f40>:0x00007f983c79eb28>
Did you mean?  hidden_field_tag
               hidden_field):
     6:   <label>Post description:</label><br>
     7:   <textarea id="post_description" name="post[description]"></textarea><br>
     8: 
     9:   <%= hidden_field_tage :authenticity_token, form_authenticity_token %>
    10:   <input type="submit" value="Submit Post">
    11:   <% end %>
    12: 
  app/views/posts/new.html.erb:9:in `block in _app_views_posts_new_html_erb___2868049290920667019_70145913001440'
  app/views/posts/new.html.erb:2:in `_app_views_posts_new_html_erb___2868049290920667019_70145913001440'


  Rendered /Users/sjn/.rvm/gems/ruby-2.5.0/gems/actionpack-4.2.10/lib/action_dispatch/middleware/templates/rescues/_source.erb (15.8ms)
  Rendered /Users/sjn/.rvm/gems/ruby-2.5.0/gems/actionpack-4.2.10/lib/action_dispatch/middleware/templates/rescues/_trace.html.erb (14.7ms)
  Rendered /Users/sjn/.rvm/gems/ruby-2.5.0/gems/actionpack-4.2.10/lib/action_dispatch/middleware/templates/rescues/_request_and_response.html.erb (1.8ms)
  Rendered /Users/sjn/.rvm/gems/ruby-2.5.0/gems/actionpack-4.2.10/lib/action_dispatch/middleware/templates/rescues/template_error.html.erb within rescues/layout (272.8ms)


Started GET "/posts/new" for ::1 at 2019-02-25 09:41:27 -0800
Processing by PostsController#new as HTML
  Rendered posts/new.html.erb within layouts/application (1.6ms)
Completed 200 OK in 421ms (Views: 419.8ms | ActiveRecord: 0.0ms)


Started POST "/posts" for ::1 at 2019-02-25 09:41:32 -0800
Processing by PostsController#create as HTML
  Parameters: {"utf8"=>"✓", "authenticity_token"=>"anyH/tsc1/aAMK2vGzDf6LGKI0JWme5dHzqqA1yKO5mX1xV5yNTJHu3tyOPTSKUN2y6e9qHHOshnEh3zh9yKDw==", "post"=>{"title"=>"asdf", "description"=>"t3qwt"}}
  [1m[35m (0.1ms)[0m  begin transaction
  [1m[36mSQL (0.8ms)[0m  [1mINSERT INTO "posts" ("title", "description", "created_at", "updated_at") VALUES (?, ?, ?, ?)[0m  [["title", "asdf"], ["description", "t3qwt"], ["created_at", "2019-02-25 17:41:32.913874"], ["updated_at", "2019-02-25 17:41:32.913874"]]
  [1m[35m (1.0ms)[0m  commit transaction
Redirected to http://localhost:3000/posts
Completed 302 Found in 59ms (ActiveRecord: 3.2ms)


Started GET "/posts" for ::1 at 2019-02-25 09:41:32 -0800
Processing by PostsController#index as HTML
  [1m[36mPost Load (0.3ms)[0m  [1mSELECT "posts".* FROM "posts"[0m
  Rendered posts/index.html.erb within layouts/application (2.4ms)
Completed 200 OK in 177ms (Views: 173.3ms | ActiveRecord: 0.3ms)


Started GET "/posts/new" for ::1 at 2019-02-25 09:43:57 -0800
Processing by PostsController#new as HTML
  Rendered posts/new.html.erb within layouts/application (2.5ms)
Completed 200 OK in 43ms (Views: 41.9ms | ActiveRecord: 0.0ms)


Started POST "/posts" for ::1 at 2019-02-25 09:44:51 -0800
Processing by PostsController#create as HTML
  Parameters: {"utf8"=>"✓", "authenticity_token"=>"Gzn9Ej81GpSADgdGyx5jySVL0kqohdNnwGihC8E9IPTmkm+VLP0EfO3TYgoDZhksT+9v/l/bB/K4QBb7GmuRYg==", "post"=>{"title"=>"alskdfj", "description"=>"foiwejfiojw"}}
  [1m[35m (0.1ms)[0m  begin transaction
  [1m[36mSQL (1.0ms)[0m  [1mINSERT INTO "posts" ("title", "description", "created_at", "updated_at") VALUES (?, ?, ?, ?)[0m  [["title", "alskdfj"], ["description", "foiwejfiojw"], ["created_at", "2019-02-25 17:44:51.076391"], ["updated_at", "2019-02-25 17:44:51.076391"]]
  [1m[35m (12.9ms)[0m  commit transaction
Redirected to http://localhost:3000/posts
Completed 302 Found in 44ms (ActiveRecord: 14.1ms)


Started GET "/posts" for ::1 at 2019-02-25 09:44:51 -0800
Processing by PostsController#index as HTML
  [1m[36mPost Load (0.5ms)[0m  [1mSELECT "posts".* FROM "posts"[0m
  Rendered posts/index.html.erb within layouts/application (2.2ms)
Completed 200 OK in 122ms (Views: 120.3ms | ActiveRecord: 0.5ms)


Started GET "/posts/new" for ::1 at 2019-02-25 09:49:27 -0800
Processing by PostsController#new as HTML
  Rendered posts/new.html.erb within layouts/application (1.7ms)
Completed 500 Internal Server Error in 26ms (ActiveRecord: 0.0ms)

SyntaxError (/Users/sjn/Development/rails-form_tag-readme-seattle-web-career-012819/app/views/posts/new.html.erb:4: syntax error, unexpected $undefined, expecting ')'
...);@output_buffer.safe_append='\'<br>
...                              ^
/Users/sjn/Development/rails-form_tag-readme-seattle-web-career-012819/app/views/posts/new.html.erb:9: syntax error, unexpected keyword_end, expecting ')'
'.freeze;   end 
            ^~~
/Users/sjn/Development/rails-form_tag-readme-seattle-web-career-012819/app/views/posts/new.html.erb:15: syntax error, unexpected keyword_ensure, expecting ')'
          ensure
          ^~~~~~
/Users/sjn/Development/rails-form_tag-readme-seattle-web-career-012819/app/views/posts/new.html.erb:17: syntax error, unexpected keyword_end, expecting ')'
          end
          ^~~):
  app/views/posts/new.html.erb:4: syntax error, unexpected $undefined, expecting ')'
  app/views/posts/new.html.erb:9: syntax error, unexpected keyword_end, expecting ')'
  app/views/posts/new.html.erb:15: syntax error, unexpected keyword_ensure, expecting ')'
  app/views/posts/new.html.erb:17: syntax error, unexpected keyword_end, expecting ')'


  Rendered /Users/sjn/.rvm/gems/ruby-2.5.0/gems/actionpack-4.2.10/lib/action_dispatch/middleware/templates/rescues/_source.erb (21.0ms)
  Rendered /Users/sjn/.rvm/gems/ruby-2.5.0/gems/actionpack-4.2.10/lib/action_dispatch/middleware/templates/rescues/_trace.html.erb (9.5ms)
  Rendered /Users/sjn/.rvm/gems/ruby-2.5.0/gems/actionpack-4.2.10/lib/action_dispatch/middleware/templates/rescues/_request_and_response.html.erb (2.4ms)
  Rendered /Users/sjn/.rvm/gems/ruby-2.5.0/gems/actionpack-4.2.10/lib/action_dispatch/middleware/templates/rescues/diagnostics.html.erb within rescues/layout (212.2ms)


Started GET "/posts/new" for ::1 at 2019-02-25 09:49:59 -0800
Processing by PostsController#new as HTML
  Rendered posts/new.html.erb within layouts/application (1.9ms)
Completed 200 OK in 39ms (Views: 38.0ms | ActiveRecord: 0.0ms)


Started POST "/posts" for ::1 at 2019-02-25 09:50:04 -0800
Processing by PostsController#create as HTML
  Parameters: {"utf8"=>"✓", "authenticity_token"=>"55fST6TxDEpz/D5GMR4awNMhaS32tof7kBJSgIeiHFoaPEDItzkSoh4hWwr5ZmAluYXUmQHoU27oOuVwXPStzA==", "post"=>{"title"=>"asdf", "description"=>"wtetw"}, "commit"=>"Submit post"}
  [1m[35m (0.1ms)[0m  begin transaction
  [1m[36mSQL (0.6ms)[0m  [1mINSERT INTO "posts" ("title", "description", "created_at", "updated_at") VALUES (?, ?, ?, ?)[0m  [["title", "asdf"], ["description", "wtetw"], ["created_at", "2019-02-25 17:50:04.018643"], ["updated_at", "2019-02-25 17:50:04.018643"]]
  [1m[35m (2.1ms)[0m  commit transaction
Redirected to http://localhost:3000/posts
Completed 302 Found in 9ms (ActiveRecord: 2.9ms)


Started GET "/posts" for ::1 at 2019-02-25 09:50:04 -0800
Processing by PostsController#index as HTML
  [1m[36mPost Load (0.5ms)[0m  [1mSELECT "posts".* FROM "posts"[0m
  Rendered posts/index.html.erb within layouts/application (2.0ms)
Completed 200 OK in 71ms (Views: 69.3ms | ActiveRecord: 0.5ms)
